[debug] [2024-01-05T00:54:10.026Z] ----------------------------------------------------------------------
[debug] [2024-01-05T00:54:10.048Z] Command:       C:\Program Files\nodejs\node.exe C:\Users\joeul\AppData\Roaming\npm\node_modules\firebase-tools\lib\bin\firebase.js deploy
[debug] [2024-01-05T00:54:10.050Z] CLI Version:   13.0.2
[debug] [2024-01-05T00:54:10.050Z] Platform:      win32
[debug] [2024-01-05T00:54:10.051Z] Node Version:  v20.10.0
[debug] [2024-01-05T00:54:10.051Z] Time:          Thu Jan 04 2024 19:54:10 GMT-0500 (Eastern Standard Time)
[debug] [2024-01-05T00:54:10.052Z] ----------------------------------------------------------------------
[debug] 
[debug] [2024-01-05T00:54:10.057Z] >>> [apiv2][query] GET https://firebase-public.firebaseio.com/cli.json [none]
[debug] [2024-01-05T00:54:10.321Z] > command requires scopes: ["email","openid","https://www.googleapis.com/auth/cloudplatformprojects.readonly","https://www.googleapis.com/auth/firebase","https://www.googleapis.com/auth/cloud-platform"]
[debug] [2024-01-05T00:54:10.330Z] > authorizing via signed-in user (joeulam345@gmail.com)
[debug] [2024-01-05T00:54:10.330Z] [iam] checking project cotracker-a8b31 for permissions ["firebase.projects.get","firebasehosting.sites.update"]
[debug] [2024-01-05T00:54:10.332Z] > refreshing access token with scopes: []
[debug] [2024-01-05T00:54:10.333Z] >>> [apiv2][query] POST https://www.googleapis.com/oauth2/v3/token [none]
[debug] [2024-01-05T00:54:10.333Z] >>> [apiv2][body] POST https://www.googleapis.com/oauth2/v3/token [omitted]
[debug] [2024-01-05T00:54:10.483Z] <<< [apiv2][status] GET https://firebase-public.firebaseio.com/cli.json 200
[debug] [2024-01-05T00:54:10.484Z] <<< [apiv2][body] GET https://firebase-public.firebaseio.com/cli.json {"cloudBuildErrorAfter":1594252800000,"cloudBuildWarnAfter":1590019200000,"defaultNode10After":1594252800000,"minVersion":"3.0.5","node8DeploysDisabledAfter":1613390400000,"node8RuntimeDisabledAfter":1615809600000,"node8WarnAfter":1600128000000}
[debug] [2024-01-05T00:54:10.513Z] <<< [apiv2][status] POST https://www.googleapis.com/oauth2/v3/token 200
[debug] [2024-01-05T00:54:10.514Z] <<< [apiv2][body] POST https://www.googleapis.com/oauth2/v3/token [omitted]
[debug] [2024-01-05T00:54:10.522Z] >>> [apiv2][query] POST https://cloudresourcemanager.googleapis.com/v1/projects/cotracker-a8b31:testIamPermissions [none]
[debug] [2024-01-05T00:54:10.522Z] >>> [apiv2][(partial)header] POST https://cloudresourcemanager.googleapis.com/v1/projects/cotracker-a8b31:testIamPermissions x-goog-quota-user=projects/cotracker-a8b31
[debug] [2024-01-05T00:54:10.522Z] >>> [apiv2][body] POST https://cloudresourcemanager.googleapis.com/v1/projects/cotracker-a8b31:testIamPermissions {"permissions":["firebase.projects.get","firebasehosting.sites.update"]}
[debug] [2024-01-05T00:54:10.773Z] <<< [apiv2][status] POST https://cloudresourcemanager.googleapis.com/v1/projects/cotracker-a8b31:testIamPermissions 200
[debug] [2024-01-05T00:54:10.773Z] <<< [apiv2][body] POST https://cloudresourcemanager.googleapis.com/v1/projects/cotracker-a8b31:testIamPermissions {"permissions":["firebase.projects.get","firebasehosting.sites.update"]}
[debug] [2024-01-05T00:54:10.774Z] >>> [apiv2][query] GET https://firebase.googleapis.com/v1beta1/projects/cotracker-a8b31 [none]
[debug] [2024-01-05T00:54:11.074Z] <<< [apiv2][status] GET https://firebase.googleapis.com/v1beta1/projects/cotracker-a8b31 200
[debug] [2024-01-05T00:54:11.075Z] <<< [apiv2][body] GET https://firebase.googleapis.com/v1beta1/projects/cotracker-a8b31 {"projectId":"cotracker-a8b31","projectNumber":"597195420591","displayName":"cotracker","name":"projects/cotracker-a8b31","resources":{"hostingSite":"cotracker-a8b31"},"state":"ACTIVE","etag":"1_85bc73f9-686f-4dfd-8310-1e4d54e0a946"}
[debug] [2024-01-05T00:54:17.753Z] >>> [apiv2][query] GET https://firebasehosting.googleapis.com/v1beta1/projects/cotracker-a8b31/sites pageToken=&pageSize=10
[debug] [2024-01-05T00:54:18.245Z] <<< [apiv2][status] GET https://firebasehosting.googleapis.com/v1beta1/projects/cotracker-a8b31/sites 200
[debug] [2024-01-05T00:54:18.245Z] <<< [apiv2][body] GET https://firebasehosting.googleapis.com/v1beta1/projects/cotracker-a8b31/sites {"sites":[{"name":"projects/cotracker-a8b31/sites/cotracker-a8b31","defaultUrl":"https://cotracker-a8b31.web.app","appId":"1:597195420591:web:a76a9ec408611147c2355a","type":"DEFAULT_SITE"}]}
[debug] [2024-01-05T00:54:18.245Z] >>> [apiv2][query] GET https://firebase.googleapis.com/v1beta1/projects/-/webApps/1:597195420591:web:a76a9ec408611147c2355a/config [none]
[debug] [2024-01-05T00:55:43.250Z] ----------------------------------------------------------------------
[debug] [2024-01-05T00:55:43.254Z] Command:       C:\Program Files\nodejs\node.exe C:\Users\joeul\AppData\Roaming\npm\node_modules\firebase-tools\lib\bin\firebase.js deploy
[debug] [2024-01-05T00:55:43.255Z] CLI Version:   13.0.2
[debug] [2024-01-05T00:55:43.255Z] Platform:      win32
[debug] [2024-01-05T00:55:43.255Z] Node Version:  v20.10.0
[debug] [2024-01-05T00:55:43.255Z] Time:          Thu Jan 04 2024 19:55:43 GMT-0500 (Eastern Standard Time)
[debug] [2024-01-05T00:55:43.256Z] ----------------------------------------------------------------------
[debug] 
[debug] [2024-01-05T00:55:43.362Z] > command requires scopes: ["email","openid","https://www.googleapis.com/auth/cloudplatformprojects.readonly","https://www.googleapis.com/auth/firebase","https://www.googleapis.com/auth/cloud-platform"]
[debug] [2024-01-05T00:55:43.363Z] > authorizing via signed-in user (joeulam345@gmail.com)
[debug] [2024-01-05T00:55:43.363Z] [iam] checking project cotracker-a8b31 for permissions ["firebase.projects.get","firebasehosting.sites.update"]
[debug] [2024-01-05T00:55:43.371Z] >>> [apiv2][query] POST https://cloudresourcemanager.googleapis.com/v1/projects/cotracker-a8b31:testIamPermissions [none]
[debug] [2024-01-05T00:55:43.372Z] >>> [apiv2][(partial)header] POST https://cloudresourcemanager.googleapis.com/v1/projects/cotracker-a8b31:testIamPermissions x-goog-quota-user=projects/cotracker-a8b31
[debug] [2024-01-05T00:55:43.372Z] >>> [apiv2][body] POST https://cloudresourcemanager.googleapis.com/v1/projects/cotracker-a8b31:testIamPermissions {"permissions":["firebase.projects.get","firebasehosting.sites.update"]}
[debug] [2024-01-05T00:55:43.757Z] <<< [apiv2][status] POST https://cloudresourcemanager.googleapis.com/v1/projects/cotracker-a8b31:testIamPermissions 200
[debug] [2024-01-05T00:55:43.757Z] <<< [apiv2][body] POST https://cloudresourcemanager.googleapis.com/v1/projects/cotracker-a8b31:testIamPermissions {"permissions":["firebase.projects.get","firebasehosting.sites.update"]}
[debug] [2024-01-05T00:55:43.758Z] >>> [apiv2][query] GET https://firebase.googleapis.com/v1beta1/projects/cotracker-a8b31 [none]
[debug] [2024-01-05T00:55:43.979Z] <<< [apiv2][status] GET https://firebase.googleapis.com/v1beta1/projects/cotracker-a8b31 200
[debug] [2024-01-05T00:55:43.979Z] <<< [apiv2][body] GET https://firebase.googleapis.com/v1beta1/projects/cotracker-a8b31 {"projectId":"cotracker-a8b31","projectNumber":"597195420591","displayName":"cotracker","name":"projects/cotracker-a8b31","resources":{"hostingSite":"cotracker-a8b31"},"state":"ACTIVE","etag":"1_85bc73f9-686f-4dfd-8310-1e4d54e0a946"}
[debug] [2024-01-05T00:55:50.471Z] >>> [apiv2][query] GET https://firebasehosting.googleapis.com/v1beta1/projects/cotracker-a8b31/sites pageToken=&pageSize=10
[debug] [2024-01-05T00:55:50.901Z] <<< [apiv2][status] GET https://firebasehosting.googleapis.com/v1beta1/projects/cotracker-a8b31/sites 200
[debug] [2024-01-05T00:55:50.902Z] <<< [apiv2][body] GET https://firebasehosting.googleapis.com/v1beta1/projects/cotracker-a8b31/sites {"sites":[{"name":"projects/cotracker-a8b31/sites/cotracker-a8b31","defaultUrl":"https://cotracker-a8b31.web.app","appId":"1:597195420591:web:a76a9ec408611147c2355a","type":"DEFAULT_SITE"}]}
[debug] [2024-01-05T00:55:50.902Z] >>> [apiv2][query] GET https://firebase.googleapis.com/v1beta1/projects/-/webApps/1:597195420591:web:a76a9ec408611147c2355a/config [none]
[debug] [2024-01-05T00:55:51.507Z] <<< [apiv2][status] GET https://firebase.googleapis.com/v1beta1/projects/-/webApps/1:597195420591:web:a76a9ec408611147c2355a/config 200
[debug] [2024-01-05T00:55:51.507Z] <<< [apiv2][body] GET https://firebase.googleapis.com/v1beta1/projects/-/webApps/1:597195420591:web:a76a9ec408611147c2355a/config {"projectId":"cotracker-a8b31","appId":"1:597195420591:web:a76a9ec408611147c2355a","storageBucket":"cotracker-a8b31.appspot.com","apiKey":"AIzaSyCl4Csvyz90UAKSlhZvJX82xycsn7nuYQg","authDomain":"cotracker-a8b31.firebaseapp.com","messagingSenderId":"597195420591","measurementId":"G-SEKYXDHZHN"}
[info] 
   Thank you for trying our early preview of Next.js support on Firebase Hosting.
   During the preview, support is best-effort and breaking changes can be expected. Proceed with caution.

   Documentation: https://firebase.google.com/docs/hosting/frameworks/nextjs
   File a bug: https://github.com/firebase/firebase-tools/issues/new?template=bug_report.md
   Submit a feature request: https://github.com/firebase/firebase-tools/issues/new?template=feature_request.md

   We'd love to learn from you. Express your interest in helping us shape the future of Firebase Hosting: https://goo.gle/41enW5X

[debug] [2024-01-05T00:56:04.607Z] >>> [apiv2][query] GET https://firebasehosting.googleapis.com/v1beta1/projects/cotracker-a8b31/sites/cotracker-a8b31 [none]
[debug] [2024-01-05T00:56:04.912Z] <<< [apiv2][status] GET https://firebasehosting.googleapis.com/v1beta1/projects/cotracker-a8b31/sites/cotracker-a8b31 200
[debug] [2024-01-05T00:56:04.912Z] <<< [apiv2][body] GET https://firebasehosting.googleapis.com/v1beta1/projects/cotracker-a8b31/sites/cotracker-a8b31 {"name":"projects/cotracker-a8b31/sites/cotracker-a8b31","defaultUrl":"https://cotracker-a8b31.web.app","appId":"1:597195420591:web:a76a9ec408611147c2355a","type":"DEFAULT_SITE"}
[info]    ▲ Next.js 14.0.4

[info] 
   Creating an optimized production build ...

[info]  ⚠ For production Image Optimization with Next.js, the optional 'sharp' package is strongly recommended. Run 'npm i sharp', and Next.js will use it automatically for Image Optimization.
Read more: https://nextjs.org/docs/messages/sharp-missing-in-production

[info]  ✓ Compiled successfully

[info]    Linting and checking validity of types ...

[info] Failed to compile.


[info] .next/types/app/finances/page.ts:2:24
Type error: File 'C:/Users/joeul/OneDrive/Documents/GitHub/cotracker/app/finances/page.tsx' is not a module.

  1 | // File: C:\Users\joeul\OneDrive\Documents\GitHub\cotracker\app\finances\page.tsx
> 2 | import * as entry from '../../../../app/finances/page.js'
    |                        ^
  3 | import type { ResolvingMetadata, ResolvingViewport } from 'next/dist/lib/metadata/types/metadata-interface.js'
  4 |
  5 | type TEntry = typeof import('../../../../app/finances/page.js')

[debug] [2024-01-05T00:56:26.700Z] Error: ENOENT: no such file or directory, open 'C:\Users\joeul\OneDrive\Documents\GitHub\cotracker\.next\export-marker.json'
[error] 
[error] Error: An unexpected error has occurred.
[debug] [2024-01-05T00:57:21.415Z] ----------------------------------------------------------------------
[debug] [2024-01-05T00:57:21.419Z] Command:       C:\Program Files\nodejs\node.exe C:\Users\joeul\AppData\Roaming\npm\node_modules\firebase-tools\lib\bin\firebase.js deploy
[debug] [2024-01-05T00:57:21.419Z] CLI Version:   13.0.2
[debug] [2024-01-05T00:57:21.420Z] Platform:      win32
[debug] [2024-01-05T00:57:21.420Z] Node Version:  v20.10.0
[debug] [2024-01-05T00:57:21.420Z] Time:          Thu Jan 04 2024 19:57:21 GMT-0500 (Eastern Standard Time)
[debug] [2024-01-05T00:57:21.420Z] ----------------------------------------------------------------------
[debug] 
[debug] [2024-01-05T00:57:21.534Z] > command requires scopes: ["email","openid","https://www.googleapis.com/auth/cloudplatformprojects.readonly","https://www.googleapis.com/auth/firebase","https://www.googleapis.com/auth/cloud-platform"]
[debug] [2024-01-05T00:57:21.535Z] > authorizing via signed-in user (joeulam345@gmail.com)
[debug] [2024-01-05T00:57:21.535Z] [iam] checking project cotracker-a8b31 for permissions ["firebase.projects.get","firebasehosting.sites.update"]
[debug] [2024-01-05T00:57:21.546Z] >>> [apiv2][query] POST https://cloudresourcemanager.googleapis.com/v1/projects/cotracker-a8b31:testIamPermissions [none]
[debug] [2024-01-05T00:57:21.546Z] >>> [apiv2][(partial)header] POST https://cloudresourcemanager.googleapis.com/v1/projects/cotracker-a8b31:testIamPermissions x-goog-quota-user=projects/cotracker-a8b31
[debug] [2024-01-05T00:57:21.546Z] >>> [apiv2][body] POST https://cloudresourcemanager.googleapis.com/v1/projects/cotracker-a8b31:testIamPermissions {"permissions":["firebase.projects.get","firebasehosting.sites.update"]}
[debug] [2024-01-05T00:57:21.859Z] <<< [apiv2][status] POST https://cloudresourcemanager.googleapis.com/v1/projects/cotracker-a8b31:testIamPermissions 200
[debug] [2024-01-05T00:57:21.859Z] <<< [apiv2][body] POST https://cloudresourcemanager.googleapis.com/v1/projects/cotracker-a8b31:testIamPermissions {"permissions":["firebase.projects.get","firebasehosting.sites.update"]}
[debug] [2024-01-05T00:57:21.860Z] >>> [apiv2][query] GET https://firebase.googleapis.com/v1beta1/projects/cotracker-a8b31 [none]
[debug] [2024-01-05T00:57:22.095Z] <<< [apiv2][status] GET https://firebase.googleapis.com/v1beta1/projects/cotracker-a8b31 200
[debug] [2024-01-05T00:57:22.095Z] <<< [apiv2][body] GET https://firebase.googleapis.com/v1beta1/projects/cotracker-a8b31 {"projectId":"cotracker-a8b31","projectNumber":"597195420591","displayName":"cotracker","name":"projects/cotracker-a8b31","resources":{"hostingSite":"cotracker-a8b31"},"state":"ACTIVE","etag":"1_85bc73f9-686f-4dfd-8310-1e4d54e0a946"}
[debug] [2024-01-05T00:57:28.500Z] >>> [apiv2][query] GET https://firebasehosting.googleapis.com/v1beta1/projects/cotracker-a8b31/sites pageToken=&pageSize=10
[debug] [2024-01-05T00:57:28.922Z] <<< [apiv2][status] GET https://firebasehosting.googleapis.com/v1beta1/projects/cotracker-a8b31/sites 200
[debug] [2024-01-05T00:57:28.923Z] <<< [apiv2][body] GET https://firebasehosting.googleapis.com/v1beta1/projects/cotracker-a8b31/sites {"sites":[{"name":"projects/cotracker-a8b31/sites/cotracker-a8b31","defaultUrl":"https://cotracker-a8b31.web.app","appId":"1:597195420591:web:a76a9ec408611147c2355a","type":"DEFAULT_SITE"}]}
[debug] [2024-01-05T00:57:28.924Z] >>> [apiv2][query] GET https://firebase.googleapis.com/v1beta1/projects/-/webApps/1:597195420591:web:a76a9ec408611147c2355a/config [none]
[debug] [2024-01-05T00:57:29.529Z] <<< [apiv2][status] GET https://firebase.googleapis.com/v1beta1/projects/-/webApps/1:597195420591:web:a76a9ec408611147c2355a/config 200
[debug] [2024-01-05T00:57:29.529Z] <<< [apiv2][body] GET https://firebase.googleapis.com/v1beta1/projects/-/webApps/1:597195420591:web:a76a9ec408611147c2355a/config {"projectId":"cotracker-a8b31","appId":"1:597195420591:web:a76a9ec408611147c2355a","storageBucket":"cotracker-a8b31.appspot.com","apiKey":"AIzaSyCl4Csvyz90UAKSlhZvJX82xycsn7nuYQg","authDomain":"cotracker-a8b31.firebaseapp.com","messagingSenderId":"597195420591","measurementId":"G-SEKYXDHZHN"}
[info] 
   Thank you for trying our early preview of Next.js support on Firebase Hosting.
   During the preview, support is best-effort and breaking changes can be expected. Proceed with caution.

   Documentation: https://firebase.google.com/docs/hosting/frameworks/nextjs
   File a bug: https://github.com/firebase/firebase-tools/issues/new?template=bug_report.md
   Submit a feature request: https://github.com/firebase/firebase-tools/issues/new?template=feature_request.md

   We'd love to learn from you. Express your interest in helping us shape the future of Firebase Hosting: https://goo.gle/41enW5X

[debug] [2024-01-05T00:57:41.256Z] >>> [apiv2][query] GET https://firebasehosting.googleapis.com/v1beta1/projects/cotracker-a8b31/sites/cotracker-a8b31 [none]
[debug] [2024-01-05T00:57:41.612Z] <<< [apiv2][status] GET https://firebasehosting.googleapis.com/v1beta1/projects/cotracker-a8b31/sites/cotracker-a8b31 200
[debug] [2024-01-05T00:57:41.612Z] <<< [apiv2][body] GET https://firebasehosting.googleapis.com/v1beta1/projects/cotracker-a8b31/sites/cotracker-a8b31 {"name":"projects/cotracker-a8b31/sites/cotracker-a8b31","defaultUrl":"https://cotracker-a8b31.web.app","appId":"1:597195420591:web:a76a9ec408611147c2355a","type":"DEFAULT_SITE"}
[info]    ▲ Next.js 14.0.4

[info] 
   Creating an optimized production build ...

[info]  ✓ Compiled successfully

[info]    Linting and checking validity of types ...

[info] Failed to compile.


[info] .next/types/app/settings/page.ts:2:24
Type error: File 'C:/Users/joeul/OneDrive/Documents/GitHub/cotracker/app/settings/page.tsx' is not a module.

  1 | // File: C:\Users\joeul\OneDrive\Documents\GitHub\cotracker\app\settings\page.tsx
> 2 | import * as entry from '../../../../app/settings/page.js'
    |                        ^
  3 | import type { ResolvingMetadata, ResolvingViewport } from 'next/dist/lib/metadata/types/metadata-interface.js'
  4 |
  5 | type TEntry = typeof import('../../../../app/settings/page.js')

[debug] [2024-01-05T00:57:53.443Z] Error: ENOENT: no such file or directory, open 'C:\Users\joeul\OneDrive\Documents\GitHub\cotracker\.next\export-marker.json'
[error] 
[error] Error: An unexpected error has occurred.
[debug] [2024-01-05T00:58:31.748Z] ----------------------------------------------------------------------
[debug] [2024-01-05T00:58:31.753Z] Command:       C:\Program Files\nodejs\node.exe C:\Users\joeul\AppData\Roaming\npm\node_modules\firebase-tools\lib\bin\firebase.js deploy
[debug] [2024-01-05T00:58:31.754Z] CLI Version:   13.0.2
[debug] [2024-01-05T00:58:31.754Z] Platform:      win32
[debug] [2024-01-05T00:58:31.754Z] Node Version:  v20.10.0
[debug] [2024-01-05T00:58:31.755Z] Time:          Thu Jan 04 2024 19:58:31 GMT-0500 (Eastern Standard Time)
[debug] [2024-01-05T00:58:31.755Z] ----------------------------------------------------------------------
[debug] 
[debug] [2024-01-05T00:58:31.881Z] > command requires scopes: ["email","openid","https://www.googleapis.com/auth/cloudplatformprojects.readonly","https://www.googleapis.com/auth/firebase","https://www.googleapis.com/auth/cloud-platform"]
[debug] [2024-01-05T00:58:31.882Z] > authorizing via signed-in user (joeulam345@gmail.com)
[debug] [2024-01-05T00:58:31.883Z] [iam] checking project cotracker-a8b31 for permissions ["firebase.projects.get","firebasehosting.sites.update"]
[debug] [2024-01-05T00:58:31.886Z] >>> [apiv2][query] POST https://cloudresourcemanager.googleapis.com/v1/projects/cotracker-a8b31:testIamPermissions [none]
[debug] [2024-01-05T00:58:31.886Z] >>> [apiv2][(partial)header] POST https://cloudresourcemanager.googleapis.com/v1/projects/cotracker-a8b31:testIamPermissions x-goog-quota-user=projects/cotracker-a8b31
[debug] [2024-01-05T00:58:31.887Z] >>> [apiv2][body] POST https://cloudresourcemanager.googleapis.com/v1/projects/cotracker-a8b31:testIamPermissions {"permissions":["firebase.projects.get","firebasehosting.sites.update"]}
[debug] [2024-01-05T00:58:32.208Z] <<< [apiv2][status] POST https://cloudresourcemanager.googleapis.com/v1/projects/cotracker-a8b31:testIamPermissions 200
[debug] [2024-01-05T00:58:32.208Z] <<< [apiv2][body] POST https://cloudresourcemanager.googleapis.com/v1/projects/cotracker-a8b31:testIamPermissions {"permissions":["firebase.projects.get","firebasehosting.sites.update"]}
[debug] [2024-01-05T00:58:32.209Z] >>> [apiv2][query] GET https://firebase.googleapis.com/v1beta1/projects/cotracker-a8b31 [none]
[debug] [2024-01-05T00:58:32.507Z] <<< [apiv2][status] GET https://firebase.googleapis.com/v1beta1/projects/cotracker-a8b31 200
[debug] [2024-01-05T00:58:32.507Z] <<< [apiv2][body] GET https://firebase.googleapis.com/v1beta1/projects/cotracker-a8b31 {"projectId":"cotracker-a8b31","projectNumber":"597195420591","displayName":"cotracker","name":"projects/cotracker-a8b31","resources":{"hostingSite":"cotracker-a8b31"},"state":"ACTIVE","etag":"1_85bc73f9-686f-4dfd-8310-1e4d54e0a946"}
[debug] [2024-01-05T00:58:39.269Z] >>> [apiv2][query] GET https://firebasehosting.googleapis.com/v1beta1/projects/cotracker-a8b31/sites pageToken=&pageSize=10
[debug] [2024-01-05T00:58:39.675Z] <<< [apiv2][status] GET https://firebasehosting.googleapis.com/v1beta1/projects/cotracker-a8b31/sites 200
[debug] [2024-01-05T00:58:39.675Z] <<< [apiv2][body] GET https://firebasehosting.googleapis.com/v1beta1/projects/cotracker-a8b31/sites {"sites":[{"name":"projects/cotracker-a8b31/sites/cotracker-a8b31","defaultUrl":"https://cotracker-a8b31.web.app","appId":"1:597195420591:web:a76a9ec408611147c2355a","type":"DEFAULT_SITE"}]}
[debug] [2024-01-05T00:58:39.676Z] >>> [apiv2][query] GET https://firebase.googleapis.com/v1beta1/projects/-/webApps/1:597195420591:web:a76a9ec408611147c2355a/config [none]
[debug] [2024-01-05T00:58:40.220Z] <<< [apiv2][status] GET https://firebase.googleapis.com/v1beta1/projects/-/webApps/1:597195420591:web:a76a9ec408611147c2355a/config 200
[debug] [2024-01-05T00:58:40.221Z] <<< [apiv2][body] GET https://firebase.googleapis.com/v1beta1/projects/-/webApps/1:597195420591:web:a76a9ec408611147c2355a/config {"projectId":"cotracker-a8b31","appId":"1:597195420591:web:a76a9ec408611147c2355a","storageBucket":"cotracker-a8b31.appspot.com","apiKey":"AIzaSyCl4Csvyz90UAKSlhZvJX82xycsn7nuYQg","authDomain":"cotracker-a8b31.firebaseapp.com","messagingSenderId":"597195420591","measurementId":"G-SEKYXDHZHN"}
[info] 
   Thank you for trying our early preview of Next.js support on Firebase Hosting.
   During the preview, support is best-effort and breaking changes can be expected. Proceed with caution.

   Documentation: https://firebase.google.com/docs/hosting/frameworks/nextjs
   File a bug: https://github.com/firebase/firebase-tools/issues/new?template=bug_report.md
   Submit a feature request: https://github.com/firebase/firebase-tools/issues/new?template=feature_request.md

   We'd love to learn from you. Express your interest in helping us shape the future of Firebase Hosting: https://goo.gle/41enW5X

[debug] [2024-01-05T00:58:52.788Z] >>> [apiv2][query] GET https://firebasehosting.googleapis.com/v1beta1/projects/cotracker-a8b31/sites/cotracker-a8b31 [none]
[debug] [2024-01-05T00:58:53.189Z] <<< [apiv2][status] GET https://firebasehosting.googleapis.com/v1beta1/projects/cotracker-a8b31/sites/cotracker-a8b31 200
[debug] [2024-01-05T00:58:53.190Z] <<< [apiv2][body] GET https://firebasehosting.googleapis.com/v1beta1/projects/cotracker-a8b31/sites/cotracker-a8b31 {"name":"projects/cotracker-a8b31/sites/cotracker-a8b31","defaultUrl":"https://cotracker-a8b31.web.app","appId":"1:597195420591:web:a76a9ec408611147c2355a","type":"DEFAULT_SITE"}
[info]    ▲ Next.js 14.0.4

[info] 
   Creating an optimized production build ...

[info]  ✓ Compiled successfully

[info]    Linting and checking validity of types ...

[info] 
Failed to compile.

./app/login/page.tsx
9:20  Error: React Hook "useRouter" is called in function "login" that is neither a React function component nor a custom React Hook function. React component names must start with an uppercase letter. React Hook names must start with the word "use".  react-hooks/rules-of-hooks

./app/signup/page.tsx
7:20  Error: React Hook "useRouter" is called in function "signup" that is neither a React function component nor a custom React Hook function. React component names must start with an uppercase letter. React Hook names must start with the word "use".  react-hooks/rules-of-hooks

info  - Need to disable some ESLint rules? Learn more here: https://nextjs.org/docs/basic-features/eslint#disabling-rules

[debug] [2024-01-05T00:59:04.835Z] Error: ENOENT: no such file or directory, open 'C:\Users\joeul\OneDrive\Documents\GitHub\cotracker\.next\export-marker.json'
[error] 
[error] Error: An unexpected error has occurred.
